<?xml version="1.0" encoding="UTF-8"?>
<!-- Generated by org.testng.reporters.JUnitXMLReporter -->
<testsuite hostname="DESKTOP-D33NOES" ignored="3" name="sprint1" tests="6" failures="1" timestamp="2020-08-29T15:01:10 IST" time="0.113" errors="0">
  <testcase name="test4" time="0.016" classname="TestNg.demo2"/>
  <testcase name="test6" time="0.0" classname="TestNg.demo2"/>
  <testcase name="test1" time="0.0" classname="TestNg.demo1">
    <failure type="junit.framework.AssertionFailedError">
      <![CDATA[junit.framework.AssertionFailedError
at junit.framework.Assert.fail(Assert.java:55)
at junit.framework.Assert.fail(Assert.java:64)
at TestNg.demo1.test1(demo1.java:11)
at java.util.ArrayList.forEach(Unknown Source)
... Removed 27 stack frames]]>
    </failure>
  </testcase> <!-- test1 -->
  <testcase name="test2" time="0.0" classname="TestNg.demo1"/>
  <testcase name="test3" time="0.016" classname="TestNg.demo1"/>
  <testcase name="test7" time="0.0" classname="TestNg.demo3"/>
  <testcase name="test5" time="0.0" classname="TestNg.demo2">
    <ignored/>
  </testcase> <!-- test5 -->
  <testcase name="test9" time="0.0" classname="TestNg.demo3">
    <ignored/>
  </testcase> <!-- test9 -->
  <testcase name="test8" time="0.0" classname="TestNg.demo3">
    <ignored/>
  </testcase> <!-- test8 -->
</testsuite> <!-- sprint1 -->
