<?xml version="1.0" encoding="UTF-8"?>
<!-- Generated by org.testng.reporters.JUnitXMLReporter -->
<testsuite hostname="DESKTOP-D33NOES" ignored="0" name="login model" tests="1" failures="0" timestamp="2020-08-31T16:41:33 IST" time="12.901" errors="0">
  <testcase name="@BeforeMethod LoginToApp" time="0.002" classname="Framework.KiteLoginTest2">
    <failure type="java.lang.NullPointerException">
      <![CDATA[java.lang.NullPointerException
at Framework.KiteLoginTest2.LoginToApp(KiteLoginTest2.java:42)
at java.util.ArrayList.forEach(Unknown Source)
... Removed 31 stack frames]]>
    </failure>
  </testcase> <!-- @BeforeMethod LoginToApp -->
  <testcase name="@AfterMethod LogoutFromApp" time="-1.598872293603E9" classname="Framework.KiteLoginTest2">
    <skipped/>
  </testcase> <!-- @AfterMethod LogoutFromApp -->
  <testcase name="@AfterClass closebrowser" time="-1.598872293607E9" classname="Framework.KiteLoginTest2">
    <skipped/>
  </testcase> <!-- @AfterClass closebrowser -->
  <testcase name="verifyprofilepage" time="0.0" classname="Framework.KiteLoginTest2">
    <skipped/>
  </testcase> <!-- verifyprofilepage -->
</testsuite> <!-- login model -->
